<?xml version="1.0" encoding="UTF-8"?>
<!-- Generated by org.testng.reporters.JUnitXMLReporter -->
<testsuite ignored="1" hostname="LAPTOP-L754054H" failures="0" tests="2" name="Test" time="89.39" errors="0" timestamp="2022-08-27T15:50:18 IST">
  <testcase classname="com.myproject1.testecases.TC_ProductPageTest" name="verifyBuyProduct" time="45.864"/>
  <testcase classname="com.myproject1.testecases.TC_ProductPageTest" name="verifyBuyProduct" time="30.492"/>
  <testcase classname="com.myproject1.testecases.TC_ProductPageTest" name="verifyAddToWishList" time="0.0">
    <ignored/>
  </testcase> <!-- verifyAddToWishList -->
</testsuite> <!-- Test -->
