<?xml version="1.0" encoding="UTF-8"?>
<testng-results ignored="0" total="1" passed="1" failed="0" skipped="0">
  <reporter-output>
  </reporter-output>
  <suite started-at="2023-07-02T18:18:10 IST" name="Suite" finished-at="2023-07-02T18:18:21 IST" duration-ms="11067">
    <groups>
    </groups>
    <test started-at="2023-07-02T18:18:10 IST" name="Test" finished-at="2023-07-02T18:18:21 IST" duration-ms="11067">
      <class name="com.myproject1.testecases.AutosearchDropDown">
        <test-method is-config="true" signature="setUp()[pri:0, instance:com.myproject1.testecases.AutosearchDropDown@353352b6]" started-at="2023-07-02T18:18:10 IST" name="setUp" finished-at="2023-07-02T18:18:15 IST" duration-ms="5081" status="PASS">
          <reporter-output>
          </reporter-output>
        </test-method> <!-- setUp -->
        <test-method signature="autoSearch()[pri:0, instance:com.myproject1.testecases.AutosearchDropDown@353352b6]" started-at="2023-07-02T18:18:15 IST" name="autoSearch" finished-at="2023-07-02T18:18:21 IST" duration-ms="5536" status="PASS">
          <reporter-output>
          </reporter-output>
        </test-method> <!-- autoSearch -->
        <test-method is-config="true" signature="teardown()[pri:0, instance:com.myproject1.testecases.AutosearchDropDown@353352b6]" started-at="2023-07-02T18:18:21 IST" name="teardown" finished-at="2023-07-02T18:18:21 IST" duration-ms="186" status="PASS">
          <reporter-output>
          </reporter-output>
        </test-method> <!-- teardown -->
      </class> <!-- com.myproject1.testecases.AutosearchDropDown -->
    </test> <!-- Test -->
  </suite> <!-- Suite -->
</testng-results>
