<?xml version="1.0" encoding="UTF-8"?>
<testng-results ignored="1" total="3" passed="2" failed="0" skipped="0">
  <reporter-output>
  </reporter-output>
  <suite started-at="2022-08-27T14:08:55 IST" name="Suite" finished-at="2022-08-27T14:10:39 IST" duration-ms="104510">
    <groups>
    </groups>
    <test started-at="2022-08-27T14:08:55 IST" name="Test" finished-at="2022-08-27T14:10:39 IST" duration-ms="104510">
      <class name="com.myproject1.testecases.TC_ProductPageTest">
        <test-method is-config="true" signature="setUp()[pri:0, instance:com.myproject1.testecases.TC_ProductPageTest@73a1e9a9]" started-at="2022-08-27T14:08:55 IST" name="setUp" finished-at="2022-08-27T14:09:11 IST" duration-ms="15760" status="PASS">
          <reporter-output>
          </reporter-output>
        </test-method> <!-- setUp -->
        <test-method signature="verifyBuyProduct(java.lang.String,java.lang.String,java.lang.String)[pri:0, instance:com.myproject1.testecases.TC_ProductPageTest@73a1e9a9]" started-at="2022-08-27T14:09:12 IST" name="verifyBuyProduct" data-provider="loginDataProvider" finished-at="2022-08-27T14:09:54 IST" duration-ms="41885" status="PASS">
          <params>
            <param index="0">
              <value>
                <![CDATA[kaka212021@gmail.com]]>
              </value>
            </param>
            <param index="1">
              <value>
                <![CDATA[Kaka212021]]>
              </value>
            </param>
            <param index="2">
              <value>
                <![CDATA[Mayank Kaushik]]>
              </value>
            </param>
          </params>
          <reporter-output>
          </reporter-output>
        </test-method> <!-- verifyBuyProduct -->
        <test-method signature="verifyBuyProduct(java.lang.String,java.lang.String,java.lang.String)[pri:0, instance:com.myproject1.testecases.TC_ProductPageTest@73a1e9a9]" started-at="2022-08-27T14:09:54 IST" name="verifyBuyProduct" data-provider="loginDataProvider" finished-at="2022-08-27T14:10:39 IST" duration-ms="44654" status="PASS">
          <params>
            <param index="0">
              <value>
                <![CDATA[kaka212021@gmail.com]]>
              </value>
            </param>
            <param index="1">
              <value>
                <![CDATA[Kaka212021]]>
              </value>
            </param>
            <param index="2">
              <value>
                <![CDATA[Mayank Kaushik]]>
              </value>
            </param>
          </params>
          <reporter-output>
          </reporter-output>
        </test-method> <!-- verifyBuyProduct -->
        <test-method is-config="true" signature="teardown()[pri:0, instance:com.myproject1.testecases.TC_ProductPageTest@73a1e9a9]" started-at="2022-08-27T14:10:39 IST" name="teardown" finished-at="2022-08-27T14:10:39 IST" duration-ms="458" status="PASS">
          <reporter-output>
          </reporter-output>
        </test-method> <!-- teardown -->
      </class> <!-- com.myproject1.testecases.TC_ProductPageTest -->
    </test> <!-- Test -->
  </suite> <!-- Suite -->
</testng-results>
